{"level":"info","message":"Starting version manager service with 1 minute interval","timestamp":"2024-12-21T15:21:47.464Z"}
{"level":"info","message":"Starting scheduled version check","timestamp":"2024-12-21T15:22:00.530Z"}
{"error":{"__augmented":true,"code":"SQLITE_ERROR","errno":1},"level":"error","message":"Error in Version Manager","timestamp":"2024-12-21T15:22:00.538Z"}
{"level":"info","message":"Successfully completed version check","timestamp":"2024-12-21T15:22:00.539Z"}
{"level":"info","message":"Received SIGINT. Starting graceful shutdown...","timestamp":"2024-12-21T15:22:15.036Z"}
{"level":"info","message":"Stopped cron job","timestamp":"2024-12-21T15:22:15.037Z"}
{"level":"info","message":"Starting version manager service with 1 minute interval","timestamp":"2024-12-21T15:22:21.798Z"}
{"level":"info","message":"Starting scheduled version check","timestamp":"2024-12-21T15:24:00.386Z"}
{"error":{"__augmented":true,"code":"SQLITE_ERROR","errno":1},"level":"error","message":"Error in Version Manager- Error Count: 1","timestamp":"2024-12-21T15:24:00.392Z"}
{"level":"info","message":"Received SIGINT. Starting graceful shutdown...","timestamp":"2024-12-21T15:24:09.246Z"}
{"level":"info","message":"Stopped cron job","timestamp":"2024-12-21T15:24:09.247Z"}
{"level":"info","message":"Starting version manager service with 1 minute interval","timestamp":"2024-12-21T15:24:37.872Z"}
{"level":"info","message":"Starting scheduled version check","timestamp":"2024-12-21T15:25:00.997Z"}
{"level":"info","message":"Starting scheduled version check","timestamp":"2024-12-21T15:26:00.375Z"}
{"level":"info","message":"Received SIGINT. Starting graceful shutdown...","timestamp":"2024-12-21T15:26:12.158Z"}
{"level":"info","message":"Stopped cron job","timestamp":"2024-12-21T15:26:12.160Z"}
{"level":"info","message":"Starting version manager service with 1 minute interval","timestamp":"2024-12-21T15:35:04.425Z"}
{"level":"info","message":"Starting scheduled version check","timestamp":"2024-12-21T15:36:00.666Z"}
{"error":{"__augmented":true,"code":"SQLITE_ERROR","errno":1},"level":"error","message":"Error in Version Manager- Error Count: 1","timestamp":"2024-12-21T15:36:00.669Z"}
{"level":"info","message":"Received SIGINT. Starting graceful shutdown...","timestamp":"2024-12-21T15:36:41.956Z"}
{"level":"info","message":"Stopped cron job","timestamp":"2024-12-21T15:36:41.957Z"}
{"level":"info","message":"Starting version manager service with 10 minute interval","timestamp":"2024-12-21T15:38:30.982Z"}
{"level":"info","message":"Starting scheduled version check","timestamp":"2024-12-21T15:38:40.029Z"}
{"error":"SQLITE_ERROR: near \"VendorName\": syntax error","level":"error","message":"Error during version check:","timestamp":"2024-12-21T15:38:40.036Z"}
{"level":"info","message":"Starting scheduled version check","timestamp":"2024-12-21T15:38:50.138Z"}
{"error":"SQLITE_ERROR: near \"VendorName\": syntax error","level":"error","message":"Error during version check:","timestamp":"2024-12-21T15:38:50.143Z"}
{"level":"info","message":"Starting scheduled version check","timestamp":"2024-12-21T15:39:00.196Z"}
{"error":"SQLITE_ERROR: near \"VendorName\": syntax error","level":"error","message":"Error during version check:","timestamp":"2024-12-21T15:39:00.199Z"}
{"level":"info","message":"Received SIGINT. Starting graceful shutdown...","timestamp":"2024-12-21T15:39:02.378Z"}
{"level":"info","message":"Stopped cron job","timestamp":"2024-12-21T15:39:02.379Z"}
{"level":"info","message":"Starting version manager service with 10 minute interval","timestamp":"2024-12-21T15:40:25.974Z"}
{"level":"info","message":"Starting scheduled version check","timestamp":"2024-12-21T15:40:30.011Z"}
{"error":"SQLITE_ERROR: near \"VendorName\": syntax error","level":"error","message":"Error during version check:","timestamp":"2024-12-21T15:40:30.019Z"}
{"level":"info","message":"Starting scheduled version check","timestamp":"2024-12-21T15:40:40.083Z"}
{"error":"SQLITE_ERROR: near \"VendorName\": syntax error","level":"error","message":"Error during version check:","timestamp":"2024-12-21T15:40:40.088Z"}
{"level":"info","message":"Starting scheduled version check","timestamp":"2024-12-21T15:40:50.169Z"}
{"error":"SQLITE_ERROR: near \"VendorName\": syntax error","level":"error","message":"Error during version check:","timestamp":"2024-12-21T15:40:50.171Z"}
{"level":"info","message":"Received SIGINT. Starting graceful shutdown...","timestamp":"2024-12-21T15:40:54.887Z"}
{"level":"info","message":"Stopped cron job","timestamp":"2024-12-21T15:40:54.889Z"}
{"level":"info","message":"Starting version manager service with 10 minute interval","timestamp":"2024-12-21T15:42:12.388Z"}
{"level":"info","message":"Starting scheduled version check","timestamp":"2024-12-21T15:42:20.453Z"}
{"error":"SQLITE_ERROR: near \"VendorName\": syntax error","level":"error","message":"Error during version check:","timestamp":"2024-12-21T15:42:20.462Z"}
{"level":"info","message":"Starting scheduled version check","timestamp":"2024-12-21T15:42:30.536Z"}
{"error":"SQLITE_ERROR: near \"VendorName\": syntax error","level":"error","message":"Error during version check:","timestamp":"2024-12-21T15:42:30.541Z"}
{"level":"info","message":"Starting scheduled version check","timestamp":"2024-12-21T15:42:40.606Z"}
{"error":"SQLITE_ERROR: near \"VendorName\": syntax error","level":"error","message":"Error during version check:","timestamp":"2024-12-21T15:42:40.611Z"}
{"level":"info","message":"Starting scheduled version check","timestamp":"2024-12-21T15:42:50.682Z"}
{"error":"SQLITE_ERROR: near \"VendorName\": syntax error","level":"error","message":"Error during version check:","timestamp":"2024-12-21T15:42:50.687Z"}
{"level":"info","message":"Starting scheduled version check","timestamp":"2024-12-21T15:43:00.747Z"}
{"error":"SQLITE_ERROR: near \"VendorName\": syntax error","level":"error","message":"Error during version check:","timestamp":"2024-12-21T15:43:00.751Z"}
{"level":"info","message":"Starting scheduled version check","timestamp":"2024-12-21T15:43:10.827Z"}
{"error":"SQLITE_ERROR: near \"VendorName\": syntax error","level":"error","message":"Error during version check:","timestamp":"2024-12-21T15:43:10.831Z"}
{"level":"info","message":"Starting scheduled version check","timestamp":"2024-12-21T15:43:20.911Z"}
{"error":"SQLITE_ERROR: near \"VendorName\": syntax error","level":"error","message":"Error during version check:","timestamp":"2024-12-21T15:43:20.916Z"}
{"level":"info","message":"Starting scheduled version check","timestamp":"2024-12-21T15:43:30.965Z"}
{"error":"SQLITE_ERROR: near \"VendorName\": syntax error","level":"error","message":"Error during version check:","timestamp":"2024-12-21T15:43:30.969Z"}
{"level":"info","message":"Received SIGINT. Starting graceful shutdown...","timestamp":"2024-12-21T15:43:35.685Z"}
{"level":"info","message":"Stopped cron job","timestamp":"2024-12-21T15:43:35.686Z"}
{"level":"info","message":"Starting version manager service with 10 minute interval","timestamp":"2024-12-21T15:43:59.717Z"}
{"level":"info","message":"Starting scheduled version check","timestamp":"2024-12-21T15:44:00.728Z"}
{"error":"SQLITE_ERROR: near \"VendorName\": syntax error","level":"error","message":"Error during version check:","timestamp":"2024-12-21T15:44:00.740Z"}
{"level":"info","message":"Received SIGINT. Starting graceful shutdown...","timestamp":"2024-12-21T15:44:07.400Z"}
{"level":"info","message":"Stopped cron job","timestamp":"2024-12-21T15:44:07.402Z"}
{"level":"info","message":"Starting version manager service with 10 minute interval","timestamp":"2024-12-21T15:44:20.961Z"}
{"level":"info","message":"Starting scheduled version check","timestamp":"2024-12-21T15:44:30.063Z"}
{"error":"SQLITE_ERROR: near \"VendorName\": syntax error","level":"error","message":"Error during version check:","timestamp":"2024-12-21T15:44:30.070Z"}
{"level":"info","message":"Starting scheduled version check","timestamp":"2024-12-21T15:44:40.136Z"}
{"error":"SQLITE_ERROR: near \"VendorName\": syntax error","level":"error","message":"Error during version check:","timestamp":"2024-12-21T15:44:40.141Z"}
{"level":"info","message":"Starting scheduled version check","timestamp":"2024-12-21T15:44:50.203Z"}
{"error":"SQLITE_ERROR: near \"VendorName\": syntax error","level":"error","message":"Error during version check:","timestamp":"2024-12-21T15:44:50.207Z"}
{"level":"info","message":"Starting scheduled version check","timestamp":"2024-12-21T15:45:00.259Z"}
{"error":"SQLITE_ERROR: near \"VendorName\": syntax error","level":"error","message":"Error during version check:","timestamp":"2024-12-21T15:45:00.264Z"}
{"level":"info","message":"Starting scheduled version check","timestamp":"2024-12-21T15:45:10.310Z"}
{"error":"SQLITE_ERROR: near \"VendorName\": syntax error","level":"error","message":"Error during version check:","timestamp":"2024-12-21T15:45:10.315Z"}
{"level":"info","message":"Starting scheduled version check","timestamp":"2024-12-21T15:45:20.381Z"}
{"error":"SQLITE_ERROR: near \"VendorName\": syntax error","level":"error","message":"Error during version check:","timestamp":"2024-12-21T15:45:20.386Z"}
{"level":"info","message":"Starting scheduled version check","timestamp":"2024-12-21T15:45:30.437Z"}
{"error":"SQLITE_ERROR: near \"VendorName\": syntax error","level":"error","message":"Error during version check:","timestamp":"2024-12-21T15:45:30.443Z"}
{"level":"info","message":"Starting scheduled version check","timestamp":"2024-12-21T15:45:40.506Z"}
{"error":"SQLITE_ERROR: near \"VendorName\": syntax error","level":"error","message":"Error during version check:","timestamp":"2024-12-21T15:45:40.510Z"}
{"level":"info","message":"Starting scheduled version check","timestamp":"2024-12-21T15:45:50.587Z"}
{"error":"SQLITE_ERROR: near \"VendorName\": syntax error","level":"error","message":"Error during version check:","timestamp":"2024-12-21T15:45:50.592Z"}
{"level":"info","message":"Starting scheduled version check","timestamp":"2024-12-21T15:46:00.642Z"}
{"error":"SQLITE_ERROR: near \"VendorName\": syntax error","level":"error","message":"Error during version check:","timestamp":"2024-12-21T15:46:00.644Z"}
{"level":"info","message":"Starting scheduled version check","timestamp":"2024-12-21T15:46:10.712Z"}
{"error":"SQLITE_ERROR: near \"VendorName\": syntax error","level":"error","message":"Error during version check:","timestamp":"2024-12-21T15:46:10.714Z"}
{"level":"info","message":"Received SIGINT. Starting graceful shutdown...","timestamp":"2024-12-21T15:46:12.869Z"}
{"level":"info","message":"Stopped cron job","timestamp":"2024-12-21T15:46:12.870Z"}
{"level":"info","message":"Starting version manager service with 10 minute interval","timestamp":"2024-12-21T15:46:21.563Z"}
{"level":"info","message":"Starting scheduled version check","timestamp":"2024-12-21T15:46:30.620Z"}
{"error":"SQLITE_ERROR: near \"VendorName\": syntax error","level":"error","message":"Error during version check:","timestamp":"2024-12-21T15:46:30.628Z"}
{"level":"info","message":"Starting scheduled version check","timestamp":"2024-12-21T15:46:40.686Z"}
{"error":"SQLITE_ERROR: near \"VendorName\": syntax error","level":"error","message":"Error during version check:","timestamp":"2024-12-21T15:46:40.690Z"}
{"level":"info","message":"Starting scheduled version check","timestamp":"2024-12-21T15:46:50.730Z"}
{"error":"SQLITE_ERROR: near \"VendorName\": syntax error","level":"error","message":"Error during version check:","timestamp":"2024-12-21T15:46:50.735Z"}
{"level":"info","message":"Starting scheduled version check","timestamp":"2024-12-21T15:47:00.784Z"}
{"error":"SQLITE_ERROR: near \"VendorName\": syntax error","level":"error","message":"Error during version check:","timestamp":"2024-12-21T15:47:00.788Z"}
{"level":"info","message":"Received Error in Version Manager. Starting graceful shutdown...","timestamp":"2024-12-21T15:47:00.790Z"}
{"level":"info","message":"Stopped cron job","timestamp":"2024-12-21T15:47:00.791Z"}
{"level":"info","message":"Starting version manager service with 1 minute interval","timestamp":"2024-12-21T15:49:16.240Z"}
{"level":"info","message":"Starting scheduled version check","timestamp":"2024-12-21T15:50:00.481Z"}
{"error":"getaddrinfo ENOTFOUND mail.bulwarx.local","level":"error","message":"Error during version check:","timestamp":"2024-12-21T15:50:04.538Z"}
{"level":"info","message":"Received SIGINT. Starting graceful shutdown...","timestamp":"2024-12-21T15:50:24.877Z"}
{"level":"info","message":"Stopped cron job","timestamp":"2024-12-21T15:50:24.878Z"}
{"level":"info","message":"Starting version manager service with 1 minute interval","timestamp":"2024-12-21T16:22:19.317Z"}
{"level":"info","message":"Starting scheduled version check","timestamp":"2024-12-21T16:23:00.566Z"}
{"error":{"code":"EDNS","command":"CONN","errno":-3008,"hostname":"mail.bulwarx.local","syscall":"getaddrinfo"},"level":"error","message":"Error sending email:","timestamp":"2024-12-21T16:23:04.986Z"}
{"error":{"code":"EDNS","command":"CONN","errno":-3008,"hostname":"mail.bulwarx.local","syscall":"getaddrinfo"},"level":"error","message":"Error sending email:","timestamp":"2024-12-21T16:23:06.202Z"}
{"error":{"code":"EDNS","command":"CONN","errno":-3008,"hostname":"mail.bulwarx.local","syscall":"getaddrinfo"},"level":"error","message":"Error sending email:","timestamp":"2024-12-21T16:23:06.633Z"}
{"error":{"code":"EDNS","command":"CONN","errno":-3008,"hostname":"mail.bulwarx.local","syscall":"getaddrinfo"},"level":"error","message":"Error sending email:","timestamp":"2024-12-21T16:23:07.102Z"}
{"level":"info","message":"Successfully completed version check","timestamp":"2024-12-21T16:23:16.087Z"}
{"level":"info","message":"Received SIGINT. Starting graceful shutdown...","timestamp":"2024-12-21T16:23:38.390Z"}
{"level":"info","message":"Stopped cron job","timestamp":"2024-12-21T16:23:38.392Z"}
