{"error":{"__augmented":true,"code":"SQLITE_ERROR","errno":1},"level":"error","message":"Error in Version Manager","timestamp":"2024-12-21T15:22:00.538Z"}
{"error":{"__augmented":true,"code":"SQLITE_ERROR","errno":1},"level":"error","message":"Error in Version Manager- Error Count: 1","timestamp":"2024-12-21T15:24:00.392Z"}
{"error":{"__augmented":true,"code":"SQLITE_ERROR","errno":1},"level":"error","message":"Error in Version Manager- Error Count: 1","timestamp":"2024-12-21T15:36:00.669Z"}
{"error":"SQLITE_ERROR: near \"VendorName\": syntax error","level":"error","message":"Error during version check:","timestamp":"2024-12-21T15:38:40.036Z"}
{"error":"SQLITE_ERROR: near \"VendorName\": syntax error","level":"error","message":"Error during version check:","timestamp":"2024-12-21T15:38:50.143Z"}
{"error":"SQLITE_ERROR: near \"VendorName\": syntax error","level":"error","message":"Error during version check:","timestamp":"2024-12-21T15:39:00.199Z"}
{"error":"SQLITE_ERROR: near \"VendorName\": syntax error","level":"error","message":"Error during version check:","timestamp":"2024-12-21T15:40:30.019Z"}
{"error":"SQLITE_ERROR: near \"VendorName\": syntax error","level":"error","message":"Error during version check:","timestamp":"2024-12-21T15:40:40.088Z"}
{"error":"SQLITE_ERROR: near \"VendorName\": syntax error","level":"error","message":"Error during version check:","timestamp":"2024-12-21T15:40:50.171Z"}
{"error":"SQLITE_ERROR: near \"VendorName\": syntax error","level":"error","message":"Error during version check:","timestamp":"2024-12-21T15:42:20.462Z"}
{"error":"SQLITE_ERROR: near \"VendorName\": syntax error","level":"error","message":"Error during version check:","timestamp":"2024-12-21T15:42:30.541Z"}
{"error":"SQLITE_ERROR: near \"VendorName\": syntax error","level":"error","message":"Error during version check:","timestamp":"2024-12-21T15:42:40.611Z"}
{"error":"SQLITE_ERROR: near \"VendorName\": syntax error","level":"error","message":"Error during version check:","timestamp":"2024-12-21T15:42:50.687Z"}
{"error":"SQLITE_ERROR: near \"VendorName\": syntax error","level":"error","message":"Error during version check:","timestamp":"2024-12-21T15:43:00.751Z"}
{"error":"SQLITE_ERROR: near \"VendorName\": syntax error","level":"error","message":"Error during version check:","timestamp":"2024-12-21T15:43:10.831Z"}
{"error":"SQLITE_ERROR: near \"VendorName\": syntax error","level":"error","message":"Error during version check:","timestamp":"2024-12-21T15:43:20.916Z"}
{"error":"SQLITE_ERROR: near \"VendorName\": syntax error","level":"error","message":"Error during version check:","timestamp":"2024-12-21T15:43:30.969Z"}
{"error":"SQLITE_ERROR: near \"VendorName\": syntax error","level":"error","message":"Error during version check:","timestamp":"2024-12-21T15:44:00.740Z"}
{"error":"SQLITE_ERROR: near \"VendorName\": syntax error","level":"error","message":"Error during version check:","timestamp":"2024-12-21T15:44:30.070Z"}
{"error":"SQLITE_ERROR: near \"VendorName\": syntax error","level":"error","message":"Error during version check:","timestamp":"2024-12-21T15:44:40.141Z"}
{"error":"SQLITE_ERROR: near \"VendorName\": syntax error","level":"error","message":"Error during version check:","timestamp":"2024-12-21T15:44:50.207Z"}
{"error":"SQLITE_ERROR: near \"VendorName\": syntax error","level":"error","message":"Error during version check:","timestamp":"2024-12-21T15:45:00.264Z"}
{"error":"SQLITE_ERROR: near \"VendorName\": syntax error","level":"error","message":"Error during version check:","timestamp":"2024-12-21T15:45:10.315Z"}
{"error":"SQLITE_ERROR: near \"VendorName\": syntax error","level":"error","message":"Error during version check:","timestamp":"2024-12-21T15:45:20.386Z"}
{"error":"SQLITE_ERROR: near \"VendorName\": syntax error","level":"error","message":"Error during version check:","timestamp":"2024-12-21T15:45:30.443Z"}
{"error":"SQLITE_ERROR: near \"VendorName\": syntax error","level":"error","message":"Error during version check:","timestamp":"2024-12-21T15:45:40.510Z"}
{"error":"SQLITE_ERROR: near \"VendorName\": syntax error","level":"error","message":"Error during version check:","timestamp":"2024-12-21T15:45:50.592Z"}
{"error":"SQLITE_ERROR: near \"VendorName\": syntax error","level":"error","message":"Error during version check:","timestamp":"2024-12-21T15:46:00.644Z"}
{"error":"SQLITE_ERROR: near \"VendorName\": syntax error","level":"error","message":"Error during version check:","timestamp":"2024-12-21T15:46:10.714Z"}
{"error":"SQLITE_ERROR: near \"VendorName\": syntax error","level":"error","message":"Error during version check:","timestamp":"2024-12-21T15:46:30.628Z"}
{"error":"SQLITE_ERROR: near \"VendorName\": syntax error","level":"error","message":"Error during version check:","timestamp":"2024-12-21T15:46:40.690Z"}
{"error":"SQLITE_ERROR: near \"VendorName\": syntax error","level":"error","message":"Error during version check:","timestamp":"2024-12-21T15:46:50.735Z"}
{"error":"SQLITE_ERROR: near \"VendorName\": syntax error","level":"error","message":"Error during version check:","timestamp":"2024-12-21T15:47:00.788Z"}
{"error":"getaddrinfo ENOTFOUND mail.bulwarx.local","level":"error","message":"Error during version check:","timestamp":"2024-12-21T15:50:04.538Z"}
{"error":{"code":"EDNS","command":"CONN","errno":-3008,"hostname":"mail.bulwarx.local","syscall":"getaddrinfo"},"level":"error","message":"Error sending email:","timestamp":"2024-12-21T16:23:04.986Z"}
{"error":{"code":"EDNS","command":"CONN","errno":-3008,"hostname":"mail.bulwarx.local","syscall":"getaddrinfo"},"level":"error","message":"Error sending email:","timestamp":"2024-12-21T16:23:06.202Z"}
{"error":{"code":"EDNS","command":"CONN","errno":-3008,"hostname":"mail.bulwarx.local","syscall":"getaddrinfo"},"level":"error","message":"Error sending email:","timestamp":"2024-12-21T16:23:06.633Z"}
{"error":{"code":"EDNS","command":"CONN","errno":-3008,"hostname":"mail.bulwarx.local","syscall":"getaddrinfo"},"level":"error","message":"Error sending email:","timestamp":"2024-12-21T16:23:07.102Z"}
{"error":"SQLITE_ERROR: near \"VendorName\": syntax error","level":"error","message":"Error during version check:","timestamp":"2024-12-22T07:59:00.793Z"}
{"error":"SQLITE_ERROR: near \"VendorName\": syntax error","level":"error","message":"Error during version check:","timestamp":"2024-12-22T07:59:13.174Z"}
{"error":"SQLITE_ERROR: near \"VendorName\": syntax error","level":"error","message":"Error during version check:","timestamp":"2024-12-22T07:59:13.921Z"}
{"error":"SQLITE_ERROR: near \"VendorName\": syntax error","level":"error","message":"Error during version check:","timestamp":"2024-12-22T07:59:14.170Z"}
{"error":{"code":"EPROTOCOL","command":"CONN","response":"421 4.3.2 The maximum number of concurrent connections has exceeded a limit, closing transmission channel","responseCode":421},"level":"error","message":"Error sending email:","timestamp":"2024-12-22T15:04:03.488Z"}
{"level":"error","message":"Unhandled Rejection:","reason":{},"timestamp":"2024-12-23T13:37:27.602Z"}
{"level":"error","message":"Unhandled Rejection:","reason":{},"timestamp":"2024-12-23T13:56:54.321Z"}
{"level":"error","message":"Unhandled Rejection:","reason":{},"timestamp":"2024-12-23T13:58:56.634Z"}
{"level":"error","message":"Unhandled Rejection:","reason":{},"timestamp":"2024-12-23T14:05:13.446Z"}
{"level":"error","message":"Unhandled Rejection:","reason":{},"timestamp":"2024-12-26T12:39:38.704Z"}
{"level":"error","message":"Unhandled Rejection:","reason":{},"timestamp":"2024-12-26T12:40:28.785Z"}
{"level":"error","message":"Unhandled Rejection:","reason":{},"timestamp":"2024-12-26T12:41:25.362Z"}
{"level":"error","message":"Unhandled Rejection:","reason":{},"timestamp":"2024-12-26T12:42:13.267Z"}
{"error":"listoffortraversions is not iterable","level":"error","message":"Error during version check:","timestamp":"2024-12-26T13:41:02.208Z"}
{"error":"listoffortraversions is not iterable","level":"error","message":"Error during version check:","timestamp":"2024-12-26T13:41:02.780Z"}
{"error":"listoffortraversions is not iterable","level":"error","message":"Error during version check:","timestamp":"2024-12-26T13:41:03.253Z"}
{"error":"listoffortraversions is not iterable","level":"error","message":"Error during version check:","timestamp":"2024-12-26T13:41:03.766Z"}
{"error":"listoffortraversions is not iterable","level":"error","message":"Error during version check:","timestamp":"2024-12-26T13:45:01.497Z"}
{"error":"listoffortraversions is not iterable","level":"error","message":"Error during version check:","timestamp":"2024-12-26T13:45:02.031Z"}
{"error":"listoffortraversions is not iterable","level":"error","message":"Error during version check:","timestamp":"2024-12-26T13:45:02.532Z"}
{"error":"listoffortraversions is not iterable","level":"error","message":"Error during version check:","timestamp":"2024-12-26T13:45:03.073Z"}
{"error":"listoffortraversions is not iterable","level":"error","message":"Error during version check:","timestamp":"2024-12-26T13:48:02.309Z"}
{"error":"listoffortraversions is not iterable","level":"error","message":"Error during version check:","timestamp":"2024-12-26T13:48:03.623Z"}
{"error":"listoffortraversions is not iterable","level":"error","message":"Error during version check:","timestamp":"2024-12-26T13:48:04.111Z"}
{"error":"listoffortraversions is not iterable","level":"error","message":"Error during version check:","timestamp":"2024-12-26T13:48:04.592Z"}
{"error":"listoffortraversions is not iterable","level":"error","message":"Error during version check:","timestamp":"2024-12-26T14:00:28.162Z"}
{"error":"listoffortraversions is not iterable","level":"error","message":"Error during version check:","timestamp":"2024-12-26T14:00:41.226Z"}
{"error":"listoffortraversions is not iterable","level":"error","message":"Error during version check:","timestamp":"2024-12-26T14:00:53.601Z"}
{"level":"error","message":"Unhandled Rejection:","reason":{"__augmented":true,"code":"SQLITE_ERROR","errno":1},"timestamp":"2025-01-05T12:26:21.263Z"}
{"level":"error","message":"Unhandled Rejection:","reason":{"__augmented":true,"code":"SQLITE_ERROR","errno":1},"timestamp":"2025-01-05T12:27:12.563Z"}
{"level":"error","message":"Unhandled Rejection:","reason":{"__augmented":true,"code":"SQLITE_ERROR","errno":1},"timestamp":"2025-01-13T08:10:40.455Z"}
{"error":{"code":"EENVELOPE","command":"API"},"level":"error","message":"Error sending email:","timestamp":"2025-01-13T08:48:28.263Z"}
{"error":{"code":"EENVELOPE","command":"API"},"level":"error","message":"Error sending email:","timestamp":"2025-01-13T08:49:14.194Z"}
{"error":{"code":"EENVELOPE","command":"API"},"level":"error","message":"Error sending email:","timestamp":"2025-01-13T08:49:14.628Z"}
{"error":{"code":"EENVELOPE","command":"API"},"level":"error","message":"Error sending email:","timestamp":"2025-01-13T08:50:14.044Z"}
{"error":{"code":"EENVELOPE","command":"API"},"level":"error","message":"Error sending email:","timestamp":"2025-01-13T08:50:14.664Z"}
{"error":{"code":"EENVELOPE","command":"API"},"level":"error","message":"Error sending email:","timestamp":"2025-01-13T08:56:43.826Z"}
{"error":{"code":"EENVELOPE","command":"API"},"level":"error","message":"Error sending email:","timestamp":"2025-01-13T08:56:44.248Z"}
{"error":{"__augmented":true,"code":"SQLITE_ERROR","errno":1},"level":"error","message":"Uncaught Exception:","timestamp":"2025-01-13T11:36:01.409Z"}
{"error":{"code":"SQLITE_ERROR","errno":1},"level":"error","message":"Uncaught Exception:","timestamp":"2025-01-13T12:56:26.156Z"}
{"level":"error","message":"Unhandled Rejection:","reason":{"__augmented":true,"code":"SQLITE_ERROR","errno":1},"timestamp":"2025-01-13T13:02:11.983Z"}
{"level":"error","message":"Unhandled Rejection:","reason":{"__augmented":true,"code":"SQLITE_ERROR","errno":1},"timestamp":"2025-01-13T13:05:16.751Z"}
{"error":{},"level":"error","message":"Uncaught Exception:","timestamp":"2025-01-13T19:17:10.345Z"}
{"error":{},"level":"error","message":"Uncaught Exception:","timestamp":"2025-01-13T19:21:25.107Z"}
{"level":"error","message":"Unhandled Rejection:","reason":{"code":"ERR_INVALID_ARG_TYPE"},"timestamp":"2025-01-14T16:16:00.834Z"}
{"level":"error","message":"Unhandled Rejection:","reason":{},"timestamp":"2025-01-14T16:19:57.365Z"}
{"level":"error","message":"Unhandled Rejection:","reason":{"code":"ERR_INVALID_ARG_TYPE"},"timestamp":"2025-01-14T16:36:59.547Z"}
{"level":"error","message":"Unhandled Rejection:","reason":{},"timestamp":"2025-01-15T08:12:30.774Z"}
{"level":"error","message":"Unhandled Rejection:","reason":{},"timestamp":"2025-01-15T08:18:09.221Z"}
{"error":{},"level":"error","message":"Error extracting JSON URL:","timestamp":"2025-01-15T08:21:13.754Z"}
{"error":{},"level":"error","message":"Error extracting JSON URL:","timestamp":"2025-01-15T08:21:15.095Z"}
{"error":{},"level":"error","message":"Error extracting JSON URL:","timestamp":"2025-01-15T08:21:16.018Z"}
{"error":{},"level":"error","message":"Error extracting JSON URL:","timestamp":"2025-01-15T08:24:31.172Z"}
{"error":{},"level":"error","message":"Error extracting JSON URL:","timestamp":"2025-01-15T08:24:31.982Z"}
{"error":{},"level":"error","message":"Error extracting JSON URL:","timestamp":"2025-01-15T08:24:32.434Z"}
{"error":{},"level":"error","message":"Error extracting JSON URL:","timestamp":"2025-01-15T08:24:32.941Z"}
{"error":{},"level":"error","message":"Error extracting JSON URL:","timestamp":"2025-01-15T08:24:33.333Z"}
{"error":{},"level":"error","message":"Error extracting JSON URL:","timestamp":"2025-01-15T08:24:33.708Z"}
{"error":{},"level":"error","message":"Error extracting JSON URL:","timestamp":"2025-01-15T08:24:34.292Z"}
{"error":{"code":"ERR_INVALID_ARG_TYPE"},"level":"error","message":"Error extracting JSON URL:","timestamp":"2025-01-15T08:24:34.759Z"}
{"error":{},"level":"error","message":"Error extracting JSON URL:","timestamp":"2025-01-15T08:26:48.009Z"}
{"error":{},"level":"error","message":"Error extracting JSON URL:","timestamp":"2025-01-15T08:26:49.111Z"}
{"error":{},"level":"error","message":"Error extracting JSON URL:","timestamp":"2025-01-15T08:26:49.892Z"}
{"error":{},"level":"error","message":"Error extracting JSON URL:","timestamp":"2025-01-15T08:26:50.825Z"}
{"error":{},"level":"error","message":"Error extracting JSON URL:","timestamp":"2025-01-15T08:26:51.643Z"}
{"error":{},"level":"error","message":"Error extracting JSON URL:","timestamp":"2025-01-15T08:26:52.400Z"}
{"error":{},"level":"error","message":"Error extracting JSON URL:","timestamp":"2025-01-15T08:26:53.341Z"}
{"error":{},"level":"error","message":"Error extracting JSON URL:","timestamp":"2025-01-15T08:26:54.163Z"}
{"error":{},"level":"error","message":"Error extracting JSON URL:","timestamp":"2025-01-15T08:26:54.865Z"}
{"error":{},"level":"error","message":"Error extracting JSON URL:","timestamp":"2025-01-15T08:26:55.601Z"}
{"error":{},"level":"error","message":"Error extracting JSON URL:","timestamp":"2025-01-15T08:26:56.309Z"}
{"error":{},"level":"error","message":"Error extracting JSON URL:","timestamp":"2025-01-15T08:26:57.127Z"}
{"error":{},"level":"error","message":"Error extracting JSON URL:","timestamp":"2025-01-15T08:26:57.902Z"}
{"error":{},"level":"error","message":"Error extracting JSON URL:","timestamp":"2025-01-15T08:26:58.823Z"}
{"error":{},"level":"error","message":"Error extracting JSON URL:","timestamp":"2025-01-15T08:26:59.670Z"}
{"error":{},"level":"error","message":"Error extracting JSON URL:","timestamp":"2025-01-15T08:27:01.232Z"}
{"error":{},"level":"error","message":"Error extracting JSON URL:","timestamp":"2025-01-15T08:31:07.030Z"}
{"error":{},"level":"error","message":"Error extracting JSON URL:","timestamp":"2025-01-15T08:31:07.994Z"}
{"error":{},"level":"error","message":"Error extracting JSON URL:","timestamp":"2025-01-15T08:31:08.457Z"}
{"error":{},"level":"error","message":"Error extracting JSON URL:","timestamp":"2025-01-15T08:31:08.921Z"}
{"error":{},"level":"error","message":"Error extracting JSON URL:","timestamp":"2025-01-15T08:31:09.297Z"}
{"error":{},"level":"error","message":"Error extracting JSON URL:","timestamp":"2025-01-15T08:31:09.754Z"}
{"error":{},"level":"error","message":"Error extracting JSON URL:","timestamp":"2025-01-15T08:31:10.345Z"}
{"error":{},"level":"error","message":"Error extracting JSON URL:","timestamp":"2025-01-15T08:31:10.848Z"}
{"error":{},"level":"error","message":"Error extracting JSON URL:","timestamp":"2025-01-15T08:31:11.257Z"}
{"error":{},"level":"error","message":"Error extracting JSON URL:","timestamp":"2025-01-15T08:31:11.765Z"}
{"error":{},"level":"error","message":"Error extracting JSON URL:","timestamp":"2025-01-15T08:31:12.147Z"}
{"error":{},"level":"error","message":"Error extracting JSON URL:","timestamp":"2025-01-15T08:31:12.602Z"}
{"error":{},"level":"error","message":"Error extracting JSON URL:","timestamp":"2025-01-15T08:31:12.966Z"}
{"error":{},"level":"error","message":"Error extracting JSON URL:","timestamp":"2025-01-15T08:31:13.495Z"}
{"error":{},"level":"error","message":"Error extracting JSON URL:","timestamp":"2025-01-15T08:31:13.915Z"}
{"error":{},"level":"error","message":"Error extracting JSON URL:","timestamp":"2025-01-15T08:31:14.370Z"}
{"error":{},"level":"error","message":"Error extracting JSON URL:","timestamp":"2025-01-15T08:31:14.818Z"}
{"error":{},"level":"error","message":"Error extracting JSON URL:","timestamp":"2025-01-15T08:31:15.355Z"}
{"error":{"code":"ERR_INVALID_ARG_TYPE"},"level":"error","message":"Error extracting JSON URL:","timestamp":"2025-01-15T08:31:15.356Z"}
{"error":{"code":"ERR_INVALID_ARG_TYPE"},"level":"error","message":"Error extracting JSON URL:","timestamp":"2025-01-15T08:31:15.357Z"}
{"error":{"code":"ERR_INVALID_ARG_TYPE"},"level":"error","message":"Error extracting JSON URL:","timestamp":"2025-01-15T08:31:15.358Z"}
{"error":{},"level":"error","message":"Error extracting JSON URL:","timestamp":"2025-01-15T08:35:47.422Z"}
{"error":{},"level":"error","message":"Error extracting JSON URL:","timestamp":"2025-01-15T08:35:48.184Z"}
{"error":{},"level":"error","message":"Error extracting JSON URL:","timestamp":"2025-01-15T08:35:48.909Z"}
{"error":{},"level":"error","message":"Error extracting JSON URL:","timestamp":"2025-01-15T08:35:49.599Z"}
{"error":{},"level":"error","message":"Error extracting JSON URL:","timestamp":"2025-01-15T08:35:52.305Z"}
{"error":{},"level":"error","message":"Error extracting JSON URL:","timestamp":"2025-01-15T08:35:53.036Z"}
{"error":{},"level":"error","message":"Error extracting JSON URL:","timestamp":"2025-01-15T08:35:53.803Z"}
{"error":{},"level":"error","message":"Error extracting JSON URL:","timestamp":"2025-01-15T08:35:54.507Z"}
{"error":{"code":"ERR_INVALID_ARG_TYPE"},"level":"error","message":"Error extracting JSON URL:","timestamp":"2025-01-15T08:35:55.368Z"}
{"error":{"code":"ERR_INVALID_ARG_TYPE"},"level":"error","message":"Error extracting JSON URL:","timestamp":"2025-01-15T08:35:55.368Z"}
{"error":{"code":"ERR_INVALID_ARG_TYPE"},"level":"error","message":"Error extracting JSON URL:","timestamp":"2025-01-15T08:35:55.369Z"}
{"error":{},"level":"error","message":"Error extracting JSON URL:","timestamp":"2025-01-15T08:39:01.140Z"}
{"error":{},"level":"error","message":"Error extracting JSON URL:","timestamp":"2025-01-15T08:39:03.506Z"}
{"error":{},"level":"error","message":"Error extracting JSON URL:","timestamp":"2025-01-15T08:39:04.458Z"}
{"error":{},"level":"error","message":"Error extracting JSON URL:","timestamp":"2025-01-15T08:39:05.290Z"}
{"error":{},"level":"error","message":"Error extracting JSON URL:","timestamp":"2025-01-15T08:39:08.049Z"}
{"error":{},"level":"error","message":"Error extracting JSON URL:","timestamp":"2025-01-15T08:39:08.945Z"}
{"error":{},"level":"error","message":"Error extracting JSON URL:","timestamp":"2025-01-15T08:39:09.856Z"}
{"error":{},"level":"error","message":"Error extracting JSON URL:","timestamp":"2025-01-15T08:39:10.665Z"}
{"error":{"code":"ERR_INVALID_ARG_TYPE"},"level":"error","message":"Error extracting JSON URL:","timestamp":"2025-01-15T08:39:11.533Z"}
{"error":{"code":"ERR_INVALID_ARG_TYPE"},"level":"error","message":"Error extracting JSON URL:","timestamp":"2025-01-15T08:39:11.534Z"}
{"error":{"code":"ERR_INVALID_ARG_TYPE"},"level":"error","message":"Error extracting JSON URL:","timestamp":"2025-01-15T08:39:11.535Z"}
{"error":{},"level":"error","message":"Error extracting JSON URL:","timestamp":"2025-01-15T08:43:55.481Z"}
{"error":{},"level":"error","message":"Error extracting JSON URL:","timestamp":"2025-01-15T08:43:56.310Z"}
{"error":{},"level":"error","message":"Error extracting JSON URL:","timestamp":"2025-01-15T08:43:57.819Z"}
{"error":{},"level":"error","message":"Error extracting JSON URL:","timestamp":"2025-01-15T08:43:59.544Z"}
{"error":{},"level":"error","message":"Error extracting JSON URL:","timestamp":"2025-01-15T08:43:59.937Z"}
{"error":{},"level":"error","message":"Error extracting JSON URL:","timestamp":"2025-01-15T08:44:01.107Z"}
{"error":{},"level":"error","message":"Error extracting JSON URL:","timestamp":"2025-01-15T08:44:01.645Z"}
{"error":{},"level":"error","message":"Error extracting JSON URL:","timestamp":"2025-01-15T08:44:03.486Z"}
{"error":{},"level":"error","message":"Error extracting JSON URL:","timestamp":"2025-01-15T08:44:03.962Z"}
{"error":{},"level":"error","message":"Error extracting JSON URL:","timestamp":"2025-01-15T08:44:04.492Z"}
{"error":{},"level":"error","message":"Error extracting JSON URL:","timestamp":"2025-01-15T08:44:04.846Z"}
{"error":{},"level":"error","message":"Error extracting JSON URL:","timestamp":"2025-01-15T08:44:05.364Z"}
{"error":{"code":"ERR_INVALID_ARG_TYPE"},"level":"error","message":"Error extracting JSON URL:","timestamp":"2025-01-15T08:44:05.367Z"}
{"error":{"code":"ERR_INVALID_ARG_TYPE"},"level":"error","message":"Error extracting JSON URL:","timestamp":"2025-01-15T08:44:05.368Z"}
{"error":{"code":"ERR_INVALID_ARG_TYPE"},"level":"error","message":"Error extracting JSON URL:","timestamp":"2025-01-15T08:44:05.369Z"}
{"error":{},"level":"error","message":"Error extracting JSON URL:","timestamp":"2025-01-15T08:46:33.464Z"}
{"error":{},"level":"error","message":"Error extracting JSON URL:","timestamp":"2025-01-15T08:46:34.662Z"}
{"error":{},"level":"error","message":"Error extracting JSON URL:","timestamp":"2025-01-15T08:46:37.492Z"}
{"error":{},"level":"error","message":"Error extracting JSON URL:","timestamp":"2025-01-15T08:46:40.165Z"}
{"error":{},"level":"error","message":"Error extracting JSON URL:","timestamp":"2025-01-15T08:46:40.968Z"}
{"error":{},"level":"error","message":"Error extracting JSON URL:","timestamp":"2025-01-15T08:46:41.831Z"}
{"error":{},"level":"error","message":"Error extracting JSON URL:","timestamp":"2025-01-15T08:46:42.723Z"}
{"error":{},"level":"error","message":"Error extracting JSON URL:","timestamp":"2025-01-15T08:46:45.139Z"}
{"error":{},"level":"error","message":"Error extracting JSON URL:","timestamp":"2025-01-15T08:46:45.992Z"}
{"error":{},"level":"error","message":"Error extracting JSON URL:","timestamp":"2025-01-15T08:46:46.832Z"}
{"error":{},"level":"error","message":"Error extracting JSON URL:","timestamp":"2025-01-15T08:46:47.605Z"}
{"error":{},"level":"error","message":"Error extracting JSON URL:","timestamp":"2025-01-15T08:46:48.491Z"}
{"error":{"code":"ERR_INVALID_ARG_TYPE"},"level":"error","message":"Error extracting JSON URL:","timestamp":"2025-01-15T08:46:48.494Z"}
{"error":{"code":"ERR_INVALID_ARG_TYPE"},"level":"error","message":"Error extracting JSON URL:","timestamp":"2025-01-15T08:46:48.495Z"}
{"error":{"code":"ERR_INVALID_ARG_TYPE"},"level":"error","message":"Error extracting JSON URL:","timestamp":"2025-01-15T08:46:48.495Z"}
{"error":{},"level":"error","message":"Error extracting JSON URL:","timestamp":"2025-01-15T08:48:05.163Z"}
{"error":{},"level":"error","message":"Error extracting JSON URL:","timestamp":"2025-01-15T08:48:06.466Z"}
{"error":{},"level":"error","message":"Error extracting JSON URL:","timestamp":"2025-01-15T08:48:09.917Z"}
{"error":{},"level":"error","message":"Error extracting JSON URL:","timestamp":"2025-01-15T08:48:13.070Z"}
{"error":{},"level":"error","message":"Error extracting JSON URL:","timestamp":"2025-01-15T08:48:13.959Z"}
{"error":{},"level":"error","message":"Error extracting JSON URL:","timestamp":"2025-01-15T08:48:15.777Z"}
{"error":{},"level":"error","message":"Error extracting JSON URL:","timestamp":"2025-01-15T08:48:16.896Z"}
{"error":{},"level":"error","message":"Error extracting JSON URL:","timestamp":"2025-01-15T08:48:19.953Z"}
{"error":{},"level":"error","message":"Error extracting JSON URL:","timestamp":"2025-01-15T08:48:20.678Z"}
{"error":{},"level":"error","message":"Error extracting JSON URL:","timestamp":"2025-01-15T08:48:21.995Z"}
{"error":{},"level":"error","message":"Error extracting JSON URL:","timestamp":"2025-01-15T08:48:23.089Z"}
{"error":{},"level":"error","message":"Error extracting JSON URL:","timestamp":"2025-01-15T08:48:24.170Z"}
{"error":{"code":"ERR_INVALID_ARG_TYPE"},"level":"error","message":"Error extracting JSON URL:","timestamp":"2025-01-15T08:48:24.171Z"}
{"error":{"code":"ERR_INVALID_ARG_TYPE"},"level":"error","message":"Error extracting JSON URL:","timestamp":"2025-01-15T08:48:24.172Z"}
{"error":{"code":"ERR_INVALID_ARG_TYPE"},"level":"error","message":"Error extracting JSON URL:","timestamp":"2025-01-15T08:48:24.172Z"}
{"error":{},"level":"error","message":"Error extracting JSON URL:","timestamp":"2025-01-15T08:49:47.569Z"}
{"error":{},"level":"error","message":"Error extracting JSON URL:","timestamp":"2025-01-15T08:49:47.975Z"}
{"error":{},"level":"error","message":"Error extracting JSON URL:","timestamp":"2025-01-15T08:49:48.449Z"}
{"error":{},"level":"error","message":"Error extracting JSON URL:","timestamp":"2025-01-15T08:49:48.881Z"}
{"error":{},"level":"error","message":"Error extracting JSON URL:","timestamp":"2025-01-15T08:49:50.228Z"}
{"error":{},"level":"error","message":"Error extracting JSON URL:","timestamp":"2025-01-15T08:49:50.702Z"}
{"error":{},"level":"error","message":"Error extracting JSON URL:","timestamp":"2025-01-15T08:49:51.152Z"}
{"error":{},"level":"error","message":"Error extracting JSON URL:","timestamp":"2025-01-15T08:49:51.551Z"}
{"error":{"code":"ERR_INVALID_ARG_TYPE"},"level":"error","message":"Error extracting JSON URL:","timestamp":"2025-01-15T08:49:52.082Z"}
{"error":{"code":"ERR_INVALID_ARG_TYPE"},"level":"error","message":"Error extracting JSON URL:","timestamp":"2025-01-15T08:49:52.083Z"}
{"error":{"code":"ERR_INVALID_ARG_TYPE"},"level":"error","message":"Error extracting JSON URL:","timestamp":"2025-01-15T08:49:52.083Z"}
{"error":{},"level":"error","message":"Error extracting JSON URL:","timestamp":"2025-01-15T08:57:10.656Z"}
{"error":{},"level":"error","message":"Error extracting JSON URL:","timestamp":"2025-01-15T08:57:11.016Z"}
{"error":{},"level":"error","message":"Error extracting JSON URL:","timestamp":"2025-01-15T08:57:11.758Z"}
{"error":{},"level":"error","message":"Error extracting JSON URL:","timestamp":"2025-01-15T08:57:12.241Z"}
{"error":{},"level":"error","message":"Error extracting JSON URL:","timestamp":"2025-01-15T08:57:13.491Z"}
{"error":{},"level":"error","message":"Error extracting JSON URL:","timestamp":"2025-01-15T08:57:13.905Z"}
{"error":{},"level":"error","message":"Error extracting JSON URL:","timestamp":"2025-01-15T08:57:14.514Z"}
{"error":{},"level":"error","message":"Error extracting JSON URL:","timestamp":"2025-01-15T08:57:14.877Z"}
{"error":{"code":"ERR_INVALID_ARG_TYPE"},"level":"error","message":"Error extracting JSON URL:","timestamp":"2025-01-15T08:57:15.392Z"}
{"error":{"code":"ERR_INVALID_ARG_TYPE"},"level":"error","message":"Error extracting JSON URL:","timestamp":"2025-01-15T08:57:15.393Z"}
{"error":{"code":"ERR_INVALID_ARG_TYPE"},"level":"error","message":"Error extracting JSON URL:","timestamp":"2025-01-15T08:57:15.393Z"}
{"error":{},"level":"error","message":"Error extracting JSON URL:","timestamp":"2025-01-15T08:58:50.083Z"}
{"error":{},"level":"error","message":"Error extracting JSON URL:","timestamp":"2025-01-15T08:58:50.482Z"}
{"error":{},"level":"error","message":"Error extracting JSON URL:","timestamp":"2025-01-15T08:58:51.129Z"}
{"error":{},"level":"error","message":"Error extracting JSON URL:","timestamp":"2025-01-15T08:58:51.704Z"}
{"error":{},"level":"error","message":"Error extracting JSON URL:","timestamp":"2025-01-15T08:58:53.098Z"}
{"error":{},"level":"error","message":"Error extracting JSON URL:","timestamp":"2025-01-15T08:58:53.535Z"}
{"error":{},"level":"error","message":"Error extracting JSON URL:","timestamp":"2025-01-15T08:58:54.018Z"}
{"error":{},"level":"error","message":"Error extracting JSON URL:","timestamp":"2025-01-15T08:58:54.389Z"}
{"error":{"code":"ERR_INVALID_ARG_TYPE"},"level":"error","message":"Error extracting JSON URL:","timestamp":"2025-01-15T08:58:54.864Z"}
{"error":{"code":"ERR_INVALID_ARG_TYPE"},"level":"error","message":"Error extracting JSON URL:","timestamp":"2025-01-15T08:58:54.865Z"}
{"error":{"code":"ERR_INVALID_ARG_TYPE"},"level":"error","message":"Error extracting JSON URL:","timestamp":"2025-01-15T08:58:54.865Z"}
{"error":{"code":"ERR_INVALID_ARG_TYPE"},"level":"error","message":"Error extracting JSON URL:","timestamp":"2025-01-15T09:00:14.684Z"}
{"error":{"code":"ERR_INVALID_ARG_TYPE"},"level":"error","message":"Error extracting JSON URL:","timestamp":"2025-01-15T09:00:15.539Z"}
{"error":{"code":"ERR_INVALID_ARG_TYPE"},"level":"error","message":"Error extracting JSON URL:","timestamp":"2025-01-15T09:00:16.372Z"}
{"error":{"code":"ERR_INVALID_ARG_TYPE"},"level":"error","message":"Error extracting JSON URL:","timestamp":"2025-01-15T09:00:17.357Z"}
{"error":{"code":"ERR_INVALID_ARG_TYPE"},"level":"error","message":"Error extracting JSON URL:","timestamp":"2025-01-15T09:00:19.949Z"}
{"error":{"code":"ERR_INVALID_ARG_TYPE"},"level":"error","message":"Error extracting JSON URL:","timestamp":"2025-01-15T09:00:20.849Z"}
{"error":{"code":"ERR_INVALID_ARG_TYPE"},"level":"error","message":"Error extracting JSON URL:","timestamp":"2025-01-15T09:00:21.941Z"}
{"error":{"code":"ERR_INVALID_ARG_TYPE"},"level":"error","message":"Error extracting JSON URL:","timestamp":"2025-01-15T09:00:23.023Z"}
{"error":{"code":"ERR_INVALID_ARG_TYPE"},"level":"error","message":"Error extracting JSON URL:","timestamp":"2025-01-15T09:00:23.953Z"}
{"error":{"code":"ERR_INVALID_ARG_TYPE"},"level":"error","message":"Error extracting JSON URL:","timestamp":"2025-01-15T09:00:23.953Z"}
{"error":{"code":"ERR_INVALID_ARG_TYPE"},"level":"error","message":"Error extracting JSON URL:","timestamp":"2025-01-15T09:00:23.953Z"}
{"error":{"code":"ERR_INVALID_ARG_TYPE"},"level":"error","message":"Error extracting JSON URL:","timestamp":"2025-01-15T09:03:02.606Z"}
{"error":{"code":"ERR_INVALID_ARG_TYPE"},"level":"error","message":"Error extracting JSON URL:","timestamp":"2025-01-15T09:03:03.072Z"}
{"error":{"code":"ERR_INVALID_ARG_TYPE"},"level":"error","message":"Error extracting JSON URL:","timestamp":"2025-01-15T09:03:03.612Z"}
{"error":{"code":"ERR_INVALID_ARG_TYPE"},"level":"error","message":"Error extracting JSON URL:","timestamp":"2025-01-15T09:03:04.040Z"}
{"error":{"code":"ERR_INVALID_ARG_TYPE"},"level":"error","message":"Error extracting JSON URL:","timestamp":"2025-01-15T09:03:05.352Z"}
{"error":{"code":"ERR_INVALID_ARG_TYPE"},"level":"error","message":"Error extracting JSON URL:","timestamp":"2025-01-15T09:03:05.776Z"}
{"error":{"code":"ERR_INVALID_ARG_TYPE"},"level":"error","message":"Error extracting JSON URL:","timestamp":"2025-01-15T09:03:06.250Z"}
{"error":{"code":"ERR_INVALID_ARG_TYPE"},"level":"error","message":"Error extracting JSON URL:","timestamp":"2025-01-15T09:03:06.615Z"}
{"error":{"code":"ERR_INVALID_ARG_TYPE"},"level":"error","message":"Error extracting JSON URL:","timestamp":"2025-01-15T09:03:07.101Z"}
{"error":{"code":"ERR_INVALID_ARG_TYPE"},"level":"error","message":"Error extracting JSON URL:","timestamp":"2025-01-15T09:03:07.102Z"}
{"error":{"code":"ERR_INVALID_ARG_TYPE"},"level":"error","message":"Error extracting JSON URL:","timestamp":"2025-01-15T09:03:07.102Z"}
